<?xml version="1.0" encoding="UTF-8"?>
<!-- Generated by org.testng.reporters.JUnitXMLReporter -->
<testsuite hostname="LAPTOP-T6OJV50P" ignored="0" name="Default test" tests="9" failures="0" timestamp="2022-02-17T17:13:09 MSK" time="0.126" errors="0">
  <testcase name="test1" time="0.008" classname="online_tusur.unit_online_tusur.NewTestNG"/>
  <testcase name="test1" time="0.014" classname="online_tusur.unit_online_tusur.NewTestNG"/>
  <testcase name="test1" time="0.017" classname="online_tusur.unit_online_tusur.NewTestNG"/>
  <testcase name="test2" time="0.004" classname="online_tusur.unit_online_tusur.NewTestNG"/>
  <testcase name="test2" time="0.008" classname="online_tusur.unit_online_tusur.NewTestNG"/>
  <testcase name="test2" time="0.003" classname="online_tusur.unit_online_tusur.NewTestNG"/>
  <testcase name="test2" time="0.004" classname="online_tusur.unit_online_tusur.NewTestNG"/>
  <testcase name="test2" time="0.003" classname="online_tusur.unit_online_tusur.NewTestNG"/>
  <testcase name="test2" time="0.011" classname="online_tusur.unit_online_tusur.NewTestNG"/>
</testsuite> <!-- Default test -->
