<?xml version="1.0" encoding="UTF-8"?>
<!-- Generated by org.testng.reporters.JUnitXMLReporter -->
<testsuite hostname="LAPTOP-T6OJV50P" ignored="0" name="Test" tests="3" failures="0" timestamp="2022-02-12T14:44:41 MSK" time="0.059" errors="0">
  <testcase name="testAverAge" time="0.014" classname="online_tusur.unit_online_tusur.TestFactory"/>
  <testcase name="testAverAge" time="0.014" classname="online_tusur.unit_online_tusur.TestFactory"/>
  <testcase name="testAverAge" time="0.014" classname="online_tusur.unit_online_tusur.TestFactory"/>
</testsuite> <!-- Test -->
