<?xml version="1.0" encoding="UTF-8"?>
<!-- Generated by org.testng.reporters.JUnitXMLReporter -->
<testsuite hostname="LAPTOP-T6OJV50P" ignored="0" name="Test2" tests="6" failures="0" timestamp="2022-02-17T17:13:21 MSK" time="0.028" errors="0">
  <testcase name="testAverAge" time="0.004" classname="online_tusur.unit_online_tusur.TestNGFactoryDataProvider"/>
  <testcase name="testAverAge" time="0.004" classname="online_tusur.unit_online_tusur.TestNGFactoryDataProvider"/>
  <testcase name="testAverAge" time="0.003" classname="online_tusur.unit_online_tusur.TestNGFactoryDataProvider"/>
  <testcase name="testAverAge" time="0.003" classname="online_tusur.unit_online_tusur.TestFactory"/>
  <testcase name="testAverAge" time="0.007" classname="online_tusur.unit_online_tusur.TestFactory"/>
  <testcase name="testAverAge" time="0.008" classname="online_tusur.unit_online_tusur.TestFactory"/>
</testsuite> <!-- Test2 -->
