<?xml version="1.0" encoding="UTF-8"?>
<!-- Generated by org.testng.reporters.JUnitXMLReporter -->
<testsuite hostname="LAPTOP-T6OJV50P" ignored="0" name="Test1" tests="9" failures="0" timestamp="2022-02-17T17:13:21 MSK" time="0.082" errors="0">
  <testcase name="test1" time="0.005" classname="online_tusur.unit_online_tusur.NewTestNG"/>
  <testcase name="test1" time="0.006" classname="online_tusur.unit_online_tusur.NewTestNG"/>
  <testcase name="test1" time="0.008" classname="online_tusur.unit_online_tusur.NewTestNG"/>
  <testcase name="test2" time="0.004" classname="online_tusur.unit_online_tusur.NewTestNG"/>
  <testcase name="test2" time="0.005" classname="online_tusur.unit_online_tusur.NewTestNG"/>
  <testcase name="test2" time="0.003" classname="online_tusur.unit_online_tusur.NewTestNG"/>
  <testcase name="test2" time="0.003" classname="online_tusur.unit_online_tusur.NewTestNG"/>
  <testcase name="test2" time="0.002" classname="online_tusur.unit_online_tusur.NewTestNG"/>
  <testcase name="test2" time="0.002" classname="online_tusur.unit_online_tusur.NewTestNG"/>
</testsuite> <!-- Test1 -->
